::1 - - [10/Jan/2025 08:45:30] "GET /index.html HTTP/1.1" 200 -
::1 - - [10/Jan/2025 08:45:30] "GET /styles.css HTTP/1.1" 200 -
::1 - - [10/Jan/2025 08:45:30] "GET /assets/home-left.png HTTP/1.1" 200 -
::1 - - [10/Jan/2025 08:45:30] "GET /assets/home-right.png HTTP/1.1" 200 -
::1 - - [10/Jan/2025 08:45:30] "GET /assets/logo.png HTTP/1.1" 200 -
::1 - - [10/Jan/2025 08:45:30] "GET /js/random-numbers.js HTTP/1.1" 200 -
::1 - - [10/Jan/2025 08:45:30] "GET /assets/logo-circle-outer.png HTTP/1.1" 200 -
::1 - - [10/Jan/2025 08:45:30] "GET /assets/logo-circle-inner.png HTTP/1.1" 200 -
::1 - - [10/Jan/2025 08:45:30] "GET /js/matrix.js HTTP/1.1" 200 -
::1 - - [10/Jan/2025 08:45:30] "GET /js/connections.js HTTP/1.1" 200 -
::1 - - [10/Jan/2025 08:45:30] "GET /assets/logo-text.png HTTP/1.1" 200 -
::1 - - [10/Jan/2025 08:45:30] "GET /js/main.js HTTP/1.1" 200 -
::1 - - [10/Jan/2025 08:45:30] "GET /assets/icon_database.png HTTP/1.1" 200 -
::1 - - [10/Jan/2025 08:45:30] "GET /assets/icon_simulation.png HTTP/1.1" 200 -
::1 - - [10/Jan/2025 08:45:30] "GET /assets/icon_workflow.png HTTP/1.1" 200 -
::1 - - [10/Jan/2025 08:45:30] "GET /assets/icon_preparation.png HTTP/1.1" 200 -
::1 - - [10/Jan/2025 08:45:30] "GET /assets/alpha.png HTTP/1.1" 200 -
::1 - - [10/Jan/2025 08:45:30] "GET /assets/aistudio.jpg HTTP/1.1" 200 -
::1 - - [10/Jan/2025 08:45:30] "GET /assets/bg_top.png HTTP/1.1" 200 -
::1 - - [10/Jan/2025 08:45:30] "GET /assets/bg_bottom.png HTTP/1.1" 200 -
::1 - - [10/Jan/2025 08:45:30] "GET /assets/module_left.png HTTP/1.1" 200 -
::1 - - [10/Jan/2025 08:45:30] "GET /assets/module_right.png HTTP/1.1" 200 -
::1 - - [10/Jan/2025 08:45:30] "GET /assets/icon_ai.png HTTP/1.1" 200 -
::1 - - [10/Jan/2025 08:45:30] "GET /favicon.ico HTTP/1.1" 200 -
::1 - - [10/Jan/2025 08:45:32] "GET /index.html HTTP/1.1" 200 -
::1 - - [10/Jan/2025 08:45:32] "GET /styles.css HTTP/1.1" 200 -
::1 - - [10/Jan/2025 08:45:32] "GET /js/random-numbers.js HTTP/1.1" 200 -
::1 - - [10/Jan/2025 08:45:32] "GET /assets/home-right.png HTTP/1.1" 200 -
::1 - - [10/Jan/2025 08:45:32] "GET /assets/home-left.png HTTP/1.1" 200 -
::1 - - [10/Jan/2025 08:45:32] "GET /assets/logo.png HTTP/1.1" 200 -
::1 - - [10/Jan/2025 08:45:32] "GET /assets/logo-circle-outer.png HTTP/1.1" 200 -
::1 - - [10/Jan/2025 08:45:32] "GET /assets/logo-circle-inner.png HTTP/1.1" 200 -
::1 - - [10/Jan/2025 08:45:32] "GET /js/connections.js HTTP/1.1" 200 -
::1 - - [10/Jan/2025 08:45:32] "GET /js/matrix.js HTTP/1.1" 200 -
::1 - - [10/Jan/2025 08:45:32] "GET /js/main.js HTTP/1.1" 200 -
::1 - - [10/Jan/2025 08:45:32] "GET /assets/logo-text.png HTTP/1.1" 200 -
::1 - - [10/Jan/2025 08:45:32] "GET /assets/icon_database.png HTTP/1.1" 200 -
::1 - - [10/Jan/2025 08:45:32] "GET /assets/icon_simulation.png HTTP/1.1" 200 -
::1 - - [10/Jan/2025 08:45:32] "GET /assets/icon_preparation.png HTTP/1.1" 200 -
::1 - - [10/Jan/2025 08:45:32] "GET /assets/alpha.png HTTP/1.1" 200 -
::1 - - [10/Jan/2025 08:45:32] "GET /assets/icon_workflow.png HTTP/1.1" 200 -
::1 - - [10/Jan/2025 08:45:32] "GET /assets/aistudio.jpg HTTP/1.1" 200 -
::1 - - [10/Jan/2025 08:45:32] "GET /assets/bg_top.png HTTP/1.1" 200 -
::1 - - [10/Jan/2025 08:45:32] "GET /assets/bg_bottom.png HTTP/1.1" 200 -
::1 - - [10/Jan/2025 08:45:32] "GET /assets/module_left.png HTTP/1.1" 200 -
::1 - - [10/Jan/2025 08:45:32] "GET /assets/module_right.png HTTP/1.1" 200 -
::1 - - [10/Jan/2025 08:45:32] "GET /assets/icon_ai.png HTTP/1.1" 200 -
::1 - - [10/Jan/2025 08:45:32] "GET /favicon.ico HTTP/1.1" 200 -
::1 - - [10/Jan/2025 08:45:38] "GET /pages/database/index.html HTTP/1.1" 200 -
::1 - - [10/Jan/2025 08:45:38] "GET /pages/database/styles.css HTTP/1.1" 200 -
::1 - - [10/Jan/2025 08:45:38] "GET /assets/db-logos/aflowlib.png HTTP/1.1" 200 -
::1 - - [10/Jan/2025 08:45:38] "GET /assets/db-logos/oqmd.png HTTP/1.1" 200 -
::1 - - [10/Jan/2025 08:45:38] "GET /assets/db-logos/materials-project.png HTTP/1.1" 200 -
::1 - - [10/Jan/2025 08:45:38] "GET /assets/db-logos/COD.svg HTTP/1.1" 200 -
::1 - - [10/Jan/2025 08:45:38] "GET /assets/db-logos/ICSD.svg HTTP/1.1" 200 -
::1 - - [10/Jan/2025 08:45:38] "GET /assets/db-logos/materialscloud.png HTTP/1.1" 200 -
::1 - - [10/Jan/2025 08:45:38] code 404, message File not found
::1 - - [10/Jan/2025 08:45:38] "GET /assets/bg-pattern.png HTTP/1.1" 404 -
::1 - - [10/Jan/2025 08:45:38] "GET /assets/bg_db.jpeg HTTP/1.1" 200 -
::1 - - [10/Jan/2025 08:45:39] "GET /pages/database/idmdb.html HTTP/1.1" 200 -
::1 - - [10/Jan/2025 08:45:40] "GET /assets/db-logos/jingti.png HTTP/1.1" 200 -
::1 - - [10/Jan/2025 08:45:40] "GET /assets/db-logos/fenzi.png HTTP/1.1" 200 -
::1 - - [10/Jan/2025 08:45:40] "GET /assets/db-logos/xiangtu.png HTTP/1.1" 200 -
::1 - - [10/Jan/2025 08:45:41] "GET /pages/database/idmdb/jingtiku.html HTTP/1.1" 200 -
::1 - - [10/Jan/2025 08:45:41] code 404, message File not found
::1 - - [10/Jan/2025 08:45:41] "GET /pages/database/idmdb/placeholder.png HTTP/1.1" 404 -
::1 - - [10/Jan/2025 08:45:41] "GET /pages/database/idmdb/search-results.css HTTP/1.1" 200 -
::1 - - [10/Jan/2025 08:45:41] "GET /pages/database/idmdb/elements.json HTTP/1.1" 200 -
::1 - - [10/Jan/2025 08:45:44] "GET /pages/database/idmdb/fenzi.html HTTP/1.1" 200 -
::1 - - [10/Jan/2025 08:45:44] code 404, message File not found
::1 - - [10/Jan/2025 08:45:44] "GET /pages/database/idmdb/fenzidata/2d/297.png HTTP/1.1" 404 -
::1 - - [10/Jan/2025 08:45:44] code 404, message File not found
::1 - - [10/Jan/2025 08:45:44] "GET /pages/database/idmdb/fenzidata/2d/241.png HTTP/1.1" 404 -
::1 - - [10/Jan/2025 08:45:44] "GET /pages/database/idmdb/molecule-results.css HTTP/1.1" 200 -
::1 - - [10/Jan/2025 08:45:44] "GET /pages/database/idmdb/molecule-viewer.js HTTP/1.1" 200 -
::1 - - [10/Jan/2025 08:45:44] code 404, message File not found
::1 - - [10/Jan/2025 08:45:44] "GET /pages/database/idmdb/fenzidata/2d/887.png HTTP/1.1" 404 -
::1 - - [10/Jan/2025 08:45:44] code 404, message File not found
::1 - - [10/Jan/2025 08:45:44] "GET /pages/database/idmdb/fenzidata/2d/702.png HTTP/1.1" 404 -
::1 - - [10/Jan/2025 08:45:44] code 404, message File not found
::1 - - [10/Jan/2025 08:45:44] code 404, message File not found
::1 - - [10/Jan/2025 08:45:44] "GET /pages/database/idmdb/fenzidata/2d/962.png HTTP/1.1" 404 -
::1 - - [10/Jan/2025 08:45:44] "GET /pages/database/idmdb/fenzidata/2d/6322.png HTTP/1.1" 404 -
::1 - - [10/Jan/2025 08:45:44] code 404, message File not found
::1 - - [10/Jan/2025 08:45:44] "GET /pages/database/idmdb/fenzidata/2d/1140.png HTTP/1.1" 404 -
::1 - - [10/Jan/2025 08:45:44] code 404, message File not found
::1 - - [10/Jan/2025 08:45:44] "GET /pages/database/idmdb/fenzidata/2d/7844.png HTTP/1.1" 404 -
::1 - - [10/Jan/2025 08:45:44] code 404, message File not found
::1 - - [10/Jan/2025 08:45:44] "GET /pages/database/idmdb/fenzidata/2d/7876.png HTTP/1.1" 404 -
::1 - - [10/Jan/2025 08:45:44] code 404, message File not found
::1 - - [10/Jan/2025 08:45:44] "GET /pages/database/idmdb/fenzidata/2d/8871.png HTTP/1.1" 404 -
::1 - - [10/Jan/2025 08:45:44] "GET /pages/database/idmdb/fenzidata/json/ HTTP/1.1" 200 -
::1 - - [10/Jan/2025 08:45:44] "GET /pages/database/idmdb/fenzidata/json/199.json HTTP/1.1" 200 -
::1 - - [10/Jan/2025 08:45:44] "GET /pages/database/idmdb/fenzidata/2d/199.png HTTP/1.1" 200 -
::1 - - [10/Jan/2025 08:45:44] "GET /pages/database/idmdb/fenzidata/json/198.json HTTP/1.1" 200 -
::1 - - [10/Jan/2025 08:45:44] "GET /pages/database/idmdb/fenzidata/2d/198.png HTTP/1.1" 200 -
::1 - - [10/Jan/2025 08:45:44] "GET /pages/database/idmdb/fenzidata/2d/197.png HTTP/1.1" 200 -
::1 - - [10/Jan/2025 08:45:44] "GET /pages/database/idmdb/fenzidata/json/197.json HTTP/1.1" 200 -
::1 - - [10/Jan/2025 08:45:44] "GET /pages/database/idmdb/fenzidata/json/196.json HTTP/1.1" 200 -
::1 - - [10/Jan/2025 08:45:44] "GET /pages/database/idmdb/fenzidata/2d/196.png HTTP/1.1" 200 -
::1 - - [10/Jan/2025 08:45:44] "GET /pages/database/idmdb/fenzidata/3d/199.json HTTP/1.1" 200 -
::1 - - [10/Jan/2025 08:45:44] "GET /pages/database/idmdb/fenzidata/3d/198.json HTTP/1.1" 200 -
::1 - - [10/Jan/2025 08:45:44] "GET /pages/database/idmdb/fenzidata/json/195.json HTTP/1.1" 200 -
::1 - - [10/Jan/2025 08:45:44] "GET /pages/database/idmdb/fenzidata/3d/197.json HTTP/1.1" 200 -
::1 - - [10/Jan/2025 08:45:44] "GET /pages/database/idmdb/fenzidata/2d/195.png HTTP/1.1" 200 -
::1 - - [10/Jan/2025 08:45:44] "GET /pages/database/idmdb/fenzidata/json/194.json HTTP/1.1" 200 -
::1 - - [10/Jan/2025 08:45:44] "GET /pages/database/idmdb/fenzidata/2d/194.png HTTP/1.1" 200 -
